build/app/intermediates/manifest_merge_blame_file/release/manifest-merger-blame-release-report.txt
1<?xml version="1.0" encoding="utf-8"?>
2<manifest xmlns:android="http://schemas.android.com/apk/res/android"
3    package="com.inovasirayamandidiri.irama"
4    android:versionCode="4001"
5    android:versionName="1.0.0" >
6
7    <uses-sdk
8        android:minSdkVersion="16"
8-->src\main\AndroidManifest.xml
9        android:targetSdkVersion="33" />
9-->src\main\AndroidManifest.xml
10
11    <uses-permission android:name="android.permission.INTERNET" />
11-->src\main\AndroidManifest.xml:34:5-67
11-->src\main\AndroidManifest.xml:34:22-64
12    <uses-permission android:name="android.permission.WRITE_EXTERNAL_STORAGE" />
12-->src\main\AndroidManifest.xml:35:5-80
12-->src\main\AndroidManifest.xml:35:22-78
13    <uses-permission android:name="android.permission.READ_EXTERNAL_STORAGE" />
13-->src\main\AndroidManifest.xml:36:5-79
13-->src\main\AndroidManifest.xml:36:22-77
14    <uses-permission android:name="android.permission.RECEIVE_BOOT_COMPLETED" />
14-->src\main\AndroidManifest.xml:37:5-80
14-->src\main\AndroidManifest.xml:37:22-78
15    <uses-permission android:name="android.permission.ACCESS_FINE_LOCATION" />
15-->src\main\AndroidManifest.xml:38:5-79
15-->src\main\AndroidManifest.xml:38:22-76
16    <uses-permission android:name="android.permission.ACCESS_COARSE_LOCATION" />
16-->src\main\AndroidManifest.xml:39:5-81
16-->src\main\AndroidManifest.xml:39:22-78
17    <uses-permission android:name="android.permission.ACCESS_BACKGROUND_LOCATION" />
17-->src\main\AndroidManifest.xml:40:5-85
17-->src\main\AndroidManifest.xml:40:22-82
18    <uses-permission android:name="android.permission.FOREGROUND_SERVICE" />
18-->src\main\AndroidManifest.xml:41:5-77
18-->src\main\AndroidManifest.xml:41:22-74
19    <uses-permission android:name="android.permission.MANAGE_EXTERNAL_STORAGE" />
19-->src\main\AndroidManifest.xml:42:5-82
19-->src\main\AndroidManifest.xml:42:22-79
20    <uses-permission android:name="android.permission.ACCESS_MEDIA_LOCATION" />
20-->src\main\AndroidManifest.xml:43:5-79
20-->src\main\AndroidManifest.xml:43:22-77
21
22    <application
23        android:name="android.app.Application"
23-->src\main\AndroidManifest.xml:5:9-42
24        android:appComponentFactory="androidx.core.app.CoreComponentFactory"
24-->[androidx.core:core:1.6.0] AndroidManifest.xml:24:18-86
25        android:icon="@mipmap/launcher_icon"
25-->src\main\AndroidManifest.xml:6:9-45
26        android:label="irama" >
26-->src\main\AndroidManifest.xml:4:9-30
27        <activity
27-->src\main\AndroidManifest.xml:7:9-27:20
28            android:name="com.inovasirayamandidiri.irama.MainActivity"
28-->src\main\AndroidManifest.xml:8:13-41
29            android:configChanges="orientation|keyboardHidden|keyboard|screenSize|smallestScreenSize|locale|layoutDirection|fontScale|screenLayout|density|uiMode"
29-->src\main\AndroidManifest.xml:12:13-163
30            android:exported="true"
30-->src\main\AndroidManifest.xml:9:13-36
31            android:hardwareAccelerated="true"
31-->src\main\AndroidManifest.xml:13:13-47
32            android:launchMode="singleTop"
32-->src\main\AndroidManifest.xml:10:13-43
33            android:theme="@style/LaunchTheme"
33-->src\main\AndroidManifest.xml:11:13-47
34            android:windowSoftInputMode="adjustResize" >
34-->src\main\AndroidManifest.xml:14:13-55
35
36            <!--
37                 Specifies an Android theme to apply to this Activity as soon as
38                 the Android process has started. This theme is visible to the user
39                 while the Flutter UI initializes. After that, this theme continues
40                 to determine the Window background behind the Flutter UI.
41            -->
42            <meta-data
42-->src\main\AndroidManifest.xml:19:13-22:17
43                android:name="io.flutter.embedding.android.NormalTheme"
43-->src\main\AndroidManifest.xml:20:15-70
44                android:resource="@style/NormalTheme" />
44-->src\main\AndroidManifest.xml:21:15-52
45
46            <intent-filter>
46-->src\main\AndroidManifest.xml:23:13-26:29
47                <action android:name="android.intent.action.MAIN" />
47-->src\main\AndroidManifest.xml:24:17-68
47-->src\main\AndroidManifest.xml:24:25-66
48
49                <category android:name="android.intent.category.LAUNCHER" />
49-->src\main\AndroidManifest.xml:25:17-76
49-->src\main\AndroidManifest.xml:25:27-74
50            </intent-filter>
51        </activity>
52        <!--
53             Don't delete the meta-data below.
54             This is used by the Flutter tool to generate GeneratedPluginRegistrant.java
55        -->
56        <meta-data
56-->src\main\AndroidManifest.xml:30:9-32:33
57            android:name="flutterEmbedding"
57-->src\main\AndroidManifest.xml:31:13-44
58            android:value="2" />
58-->src\main\AndroidManifest.xml:32:13-30
59
60        <uses-library
60-->[androidx.window:window:1.0.0-beta04] AndroidManifest.xml:25:9-27:40
61            android:name="androidx.window.extensions"
61-->[androidx.window:window:1.0.0-beta04] AndroidManifest.xml:26:13-54
62            android:required="false" />
62-->[androidx.window:window:1.0.0-beta04] AndroidManifest.xml:27:13-37
63        <uses-library
63-->[androidx.window:window:1.0.0-beta04] AndroidManifest.xml:28:9-30:40
64            android:name="androidx.window.sidecar"
64-->[androidx.window:window:1.0.0-beta04] AndroidManifest.xml:29:13-51
65            android:required="false" />
65-->[androidx.window:window:1.0.0-beta04] AndroidManifest.xml:30:13-37
66    </application>
67
68</manifest>